4/8/2009 - 11:14:45:85 ===============================================================================================
4/8/2009 - 11:14:45:85 |                                                                                             |
4/8/2009 - 11:14:45:85 |                                       DARUMADEC.DLL                                         |
4/8/2009 - 11:14:45:85 |                                                                                             |
4/8/2009 - 11:14:45:85 |                                                                                             |
4/8/2009 - 11:14:45:85 ===============================================================================================
4/8/2009 - 11:14:45:85 ===============================================================================================
4/8/2009 - 11:14:45:85 |                                                                                             |
4/8/2009 - 11:14:45:85 |                                       REGISTER                                              |
4/8/2009 - 11:14:45:85 |                                                                                             |
4/8/2009 - 11:14:45:85 ===============================================================================================
4/8/2009 - 11:14:45:85 ===============================================================================================
4/8/2009 - 11:14:45:85 |                                       ECF                                                   |
4/8/2009 - 11:14:45:85 ===============================================================================================
4/8/2009 - 11:14:45:85 AplMensagem1 =  DARUMA32 FrameWork Mensagem Não Programada 
4/8/2009 - 11:14:45:85 AplMensagem2 =  DARUMA32 FrameWork Mensagem Não Programada 
4/8/2009 - 11:14:45:85 TipoUltimoDocumento =  LMF 
4/8/2009 - 11:14:45:85 SerialByteaByte =  0 
4/8/2009 - 11:14:45:85 Porta =  DEFAULT 
4/8/2009 - 11:14:45:85 Path =  C:\ 
4/8/2009 - 11:14:45:85 Status =  0 
4/8/2009 - 11:14:45:85 StatusFuncao =  0 
4/8/2009 - 11:14:45:85 Retorno =  0 
4/8/2009 - 11:14:45:85 ControlePorta =  2 
4/8/2009 - 11:14:45:85 ModoGaveta =  0 
4/8/2009 - 11:14:45:85 ConfigRede =  0 
4/8/2009 - 11:14:45:85 Log =  1 
4/8/2009 - 11:14:45:85 Emulador =  0 
4/8/2009 - 11:14:45:85 Separador =  , 
4/8/2009 - 11:14:45:85 NomeLog =  Daruma32.log 
4/8/2009 - 11:14:45:85 SeparaMsgPromo =  0 
4/8/2009 - 11:14:45:85 ThreadNoStartup =  0 
4/8/2009 - 11:14:45:85 ValorRecebimentoNaoFiscal =  000000000000 
4/8/2009 - 11:14:45:85 UtilizarIndiceFP =  0 
4/8/2009 - 11:14:45:85 Velocidade =  9600 
4/8/2009 - 11:14:45:85 LinhasTEF =  2 
4/8/2009 - 11:14:45:85 LinhasGuilhotina =  5 
4/8/2009 - 11:14:45:85 MFDGuilhotina =  0 
4/8/2009 - 11:14:45:85 ZAutomatica =  0 
4/8/2009 - 11:14:45:85 XAutomatica =  0 
4/8/2009 - 11:14:45:85 DataEntradaHorarioVerao =  011104 
4/8/2009 - 11:14:45:85 DataSaidaHorarioVerao =  200205 
4/8/2009 - 11:14:45:85 ControlaHorarioVerao =  0 
4/8/2009 - 11:14:45:85 Vende1Linha =  1 
4/8/2009 - 11:14:45:85 TerminalServer =  0 
4/8/2009 - 11:14:45:85 PortaServidor =  1002 
4/8/2009 - 11:14:45:85 Tarantella =  0 
4/8/2009 - 11:14:45:85 CNFNV_PERSONALIZADO =  Suprimento 
4/8/2009 - 11:14:45:85 ErroExtendidoOk =  000 
4/8/2009 - 11:14:45:85 AbrirDiaFiscal =  1 
4/8/2009 - 11:14:45:85 VendaAutomatica =  0 
4/8/2009 - 11:14:45:85 IgnorarPoucoPapel =  1 
4/8/2009 - 11:14:45:85 ImpTextoLinhaaLinha =  1 
4/8/2009 - 11:14:45:85 Produto =  DEFAULT 
4/8/2009 - 11:14:45:85 ProdutoVirtual =  0 
4/8/2009 - 11:14:45:85 NumeroSerieNaoFormatado =  0 
4/8/2009 - 11:14:45:85 CGC =   
4/8/2009 - 11:14:45:85 IE =   
4/8/2009 - 11:14:45:85 MFDAliquotas =   
4/8/2009 - 11:14:45:85 MFDDescontos =   
4/8/2009 - 11:14:45:85 MFDAcrescimos =  0000000000000 
4/8/2009 - 11:14:45:85 MFDCancelamentos =   
4/8/2009 - 11:14:45:85 MFDPagamentos =   
4/8/2009 - 11:14:45:85 CupomAdicional =  0 
4/8/2009 - 11:14:45:85 CupomAdicionalDll =  0 
4/8/2009 - 11:14:45:85 CupomAdicionalDllConfig =  1111111111 
4/8/2009 - 11:14:45:85 ComandosEmLote =  0 
4/8/2009 - 11:14:45:85 FinalLote =  0 
4/8/2009 - 11:14:45:85 PathLote =  C:\ 
4/8/2009 - 11:14:45:85 TempoEsperaCheque =  5 
4/8/2009 - 11:14:45:85 MFDTamMinDescProd =  15 
4/8/2009 - 11:14:45:85 MFDDiaAberto =  1 
4/8/2009 - 11:14:45:85 MFDArredondaVendaItemValor =  0 
4/8/2009 - 11:14:45:85 MFDArredondaVendaItemQuantidade =  0 
4/8/2009 - 11:14:45:85 MFDLeituraMFCompleta =  0 
4/8/2009 - 11:14:45:85 InverteCGC_IE =  0 
4/8/2009 - 11:14:45:85 AguardarTerminoImpressao =  0 
4/8/2009 - 11:14:45:85 ContadorReducoes =  0202 
4/8/2009 - 11:14:45:85 QuebraLinha =  0 
4/8/2009 - 11:14:45:85 BuzzerCF =  0 
4/8/2009 - 11:14:45:85 BuzzerCNF =  0 
4/8/2009 - 11:14:45:85 BuzzerCNFV =  0 
4/8/2009 - 11:14:45:85 BuzzerRG =  0 
4/8/2009 - 11:14:45:85 CasasDecimaisQuantidade =  3 
4/8/2009 - 11:14:45:85 TempoEsperaLeitura =  150 
4/8/2009 - 11:14:45:85 MF_Full =  0 
4/8/2009 - 11:14:45:85 CooInicial =  003549 
4/8/2009 - 11:14:45:85 COO =  003564 
4/8/2009 - 11:14:45:85 CPF =   
4/8/2009 - 11:14:45:85 UnidadeMedida =  un 
4/8/2009 - 11:14:45:85 EmFechamento =  0 
4/8/2009 - 11:14:45:85 PodeCancelar =  0 
4/8/2009 - 11:14:45:85 ValorUltimoCupom =  000000001000 
4/8/2009 - 11:14:45:85 FPag01 =  1000 
4/8/2009 - 11:14:45:85 FPag02 =  0 
4/8/2009 - 11:14:45:85 FPag03 =  0 
4/8/2009 - 11:14:45:85 FPag04 =  0 
4/8/2009 - 11:14:45:85 FPag05 =  0 
4/8/2009 - 11:14:45:85 FPag06 =  0 
4/8/2009 - 11:14:45:85 FPag07 =  0 
4/8/2009 - 11:14:45:85 FPag08 =  0 
4/8/2009 - 11:14:45:85 FPag09 =  0 
4/8/2009 - 11:14:45:85 FPag10 =  0 
4/8/2009 - 11:14:45:85 FPag11 =  0 
4/8/2009 - 11:14:45:85 FPag12 =  0 
4/8/2009 - 11:14:45:85 FPag13 =  0 
4/8/2009 - 11:14:45:85 FPag14 =  0 
4/8/2009 - 11:14:45:85 FPag15 =  0 
4/8/2009 - 11:14:45:85 FPag16 =  0 
4/8/2009 - 11:14:45:85 Descricao =   
4/8/2009 - 11:14:45:85 UltimoItem =  005 
4/8/2009 - 11:14:45:85 ValorPagamentoVinculado =  0 
4/8/2009 - 11:14:45:85 ValorRecebido =  1000 
4/8/2009 - 11:14:45:85 IndiceUltimaFormaPgto =  0 
4/8/2009 - 11:14:45:85 ValorUltimaFormaPgto =  000000001000 
4/8/2009 - 11:14:45:85 BuscarPorta =  1 
4/8/2009 - 11:14:45:85 LogTamMaxMB =  5 
4/8/2009 - 11:14:45:85 MFDFormataDados =  0 
4/8/2009 - 11:14:45:85 MFDValorFinal =  0 
4/8/2009 - 11:14:45:85 MFDSalvaInfoVenda =  0 
4/8/2009 - 11:14:45:85 MaxFechamentoAutomatico =  0 
4/8/2009 - 11:14:45:85 BeepNoStartUp =  1 
4/8/2009 - 11:14:45:85 TextoExtra =  X 
4/8/2009 - 11:14:45:85 UnidadeFederativa =  BR 
4/8/2009 - 11:14:45:85 NFP =  0 
4/8/2009 - 11:14:45:85 MFDEsperarCompactacaoRZ =  1 
4/8/2009 - 11:14:45:85 EstatisticaGaveta =  0 
4/8/2009 - 11:14:45:85 MFDArredondamentoAutomatico =  0 
4/8/2009 - 11:14:45:85 MFDLegendaInmetro =  0 
4/8/2009 - 11:14:45:85 CasasDecimaisValorDLL =  2 
4/8/2009 - 11:14:45:85 CasasDecimaisQtdeDLL =  3 
4/8/2009 - 11:14:45:85 CRZCompativel =  0 
4/8/2009 - 11:14:45:85 CCF =  002077 
4/8/2009 - 11:14:45:85 GTINICIAL =  000000000262320612 
4/8/2009 - 11:14:45:85 NFP_NomeCompativel =  0 
4/8/2009 - 11:14:45:85 BaudRate =  9600 
4/8/2009 - 11:14:45:85 Nome =   
4/8/2009 - 11:14:45:85 Endereco =   
4/8/2009 - 11:14:45:85 MFDCtrlPgto =  0 
4/8/2009 - 11:14:45:85 MFDTotalNaoFiscal =  0 
4/8/2009 - 11:14:45:85 CupomAdicionalDllTitulo =  Cupom Adicional 
4/8/2009 - 11:14:45:85 CupomAdicionalDllTitulo =  Cupom Adicional 
4/8/2009 - 11:14:45:85 ===============================================================================================
4/8/2009 - 11:14:45:85 |                                       DUAL                                                  |
4/8/2009 - 11:14:45:85 ===============================================================================================
4/8/2009 - 11:14:45:85 Default =  0 
4/8/2009 - 11:14:45:85 Enter =  1 
4/8/2009 - 11:14:45:85 Espera =  0 
4/8/2009 - 11:14:45:85 ModoEscrita =  0 
4/8/2009 - 11:14:45:85 Tabulacao =  05,10,15,20,30,40 
4/8/2009 - 11:14:45:85 Velocidade =  9600 
4/8/2009 - 11:14:45:85 Termica =  0 
4/8/2009 - 11:14:45:85 LinhasGuilhotina =  0 
4/8/2009 - 11:14:45:85 ModoGaveta =  0 
4/8/2009 - 11:14:45:85 ModoGaveta =  0 
4/8/2009 - 11:14:45:85 ===============================================================================================
4/8/2009 - 11:14:45:85 |                                       OBSERVER                                              |
4/8/2009 - 11:14:45:85 ===============================================================================================
4/8/2009 - 11:14:45:85 ERRO AO LISTAR REGISTER
4/8/2009 - 11:14:45:85 ===============================================================================================
4/8/2009 - 11:14:45:85 |                                       TA1000                                                |
4/8/2009 - 11:14:45:85 ===============================================================================================
4/8/2009 - 11:14:45:85 | GERAL                                                                                       |
4/8/2009 - 11:14:45:85 -----------------------------------------------------------------------------------------------
4/8/2009 - 11:14:45:85 TempoEspera =  10000 
4/8/2009 - 11:14:45:85 PrioridadeThread =  1 
4/8/2009 - 11:14:45:85 NumeroItens =  1 
4/8/2009 - 11:14:45:85 PathRelatorios =  C:\ 
4/8/2009 - 11:14:45:85 R60MA =  R60MA.plu 
4/8/2009 - 11:14:45:85 R60D =  R60D.plu 
4/8/2009 - 11:14:45:85 R60R =  R60R.plu 
4/8/2009 - 11:14:45:85 R60R =  R60R.plu 
4/8/2009 - 11:14:45:85 -----------------------------------------------------------------------------------------------
4/8/2009 - 11:14:45:85 | CONVENIO                                                                                     |
4/8/2009 - 11:14:45:85 -----------------------------------------------------------------------------------------------
4/8/2009 - 11:14:45:85 Point_X =  0 
4/8/2009 - 11:14:45:85 Point_Y =  0 
4/8/2009 - 11:14:45:85 Codigo =   
4/8/2009 - 11:14:45:85 Nome =   
4/8/2009 - 11:14:45:85 Endereco =   
4/8/2009 - 11:14:45:85 Cnpj =   
4/8/2009 - 11:14:45:85 IE =   
4/8/2009 - 11:14:45:85 IE =   
4/8/2009 - 11:14:45:85 -----------------------------------------------------------------------------------------------
4/8/2009 - 11:14:45:85 | PRODUTO                                                                                      |
4/8/2009 - 11:14:45:85 -----------------------------------------------------------------------------------------------
4/8/2009 - 11:14:45:85 CasasDecimais =   
4/8/2009 - 11:14:45:85 CasasQuantidade =   
4/8/2009 - 11:14:45:85 Codigo =   
4/8/2009 - 11:14:45:85 Descricao =   
4/8/2009 - 11:14:45:85 Estoque =   
4/8/2009 - 11:14:45:85 Path =  C:\ 
4/8/2009 - 11:14:45:85 Point_X =  0 
4/8/2009 - 11:14:45:85 Point_Y =  0 
4/8/2009 - 11:14:45:85 Unidade =   
4/8/2009 - 11:14:45:85 Valor =   
4/8/2009 - 11:14:45:85 ValorDA =   
4/8/2009 - 11:14:45:85 ValorDA =   
4/8/2009 - 11:14:45:85 -----------------------------------------------------------------------------------------------
4/8/2009 - 11:14:45:85 | USUARIO                                                                                     |
4/8/2009 - 11:14:45:85 -----------------------------------------------------------------------------------------------
4/8/2009 - 11:14:45:85 Point_X =  0 
4/8/2009 - 11:14:45:85 Point_Y =  0 
4/8/2009 - 11:14:45:85 Codigo =   
4/8/2009 - 11:14:45:85 Nome =   
4/8/2009 - 11:14:45:85 CodigoConvenio =   
4/8/2009 - 11:14:45:85 Cpf =   
4/8/2009 - 11:14:45:85 Cpf =   
4/8/2009 - 11:14:45:85 -----------------------------------------------------------------------------------------------
4/8/2009 - 11:14:53:90 Entrada da Funcao Daruma_Comunic_FecharSerial
24/8/2009 - 10:42:42:822 ===============================================================================================
24/8/2009 - 10:42:42:838 |                                                                                             |
24/8/2009 - 10:42:42:838 |                                       DARUMADEC.DLL                                         |
24/8/2009 - 10:42:42:838 |                                                                                             |
24/8/2009 - 10:42:42:838 |                                                                                             |
24/8/2009 - 10:42:42:838 ===============================================================================================
24/8/2009 - 10:42:42:838 ===============================================================================================
24/8/2009 - 10:42:42:838 |                                                                                             |
24/8/2009 - 10:42:42:838 |                                       REGISTER                                              |
24/8/2009 - 10:42:42:838 |                                                                                             |
24/8/2009 - 10:42:42:838 ===============================================================================================
24/8/2009 - 10:42:42:838 ===============================================================================================
24/8/2009 - 10:42:42:838 |                                       ECF                                                   |
24/8/2009 - 10:42:42:838 ===============================================================================================
24/8/2009 - 10:42:42:838 AplMensagem1 =  DARUMA32 FrameWork Mensagem Não Programada 
24/8/2009 - 10:42:42:838 AplMensagem2 =  DARUMA32 FrameWork Mensagem Não Programada 
24/8/2009 - 10:42:42:838 TipoUltimoDocumento =  LXG 
24/8/2009 - 10:42:42:838 SerialByteaByte =  0 
24/8/2009 - 10:42:42:838 Porta =  DEFAULT 
24/8/2009 - 10:42:42:838 Path =  C:\ 
24/8/2009 - 10:42:42:838 Status =  0 
24/8/2009 - 10:42:42:838 StatusFuncao =  0 
24/8/2009 - 10:42:42:838 Retorno =  0 
24/8/2009 - 10:42:42:838 ControlePorta =  2 
24/8/2009 - 10:42:42:838 ModoGaveta =  0 
24/8/2009 - 10:42:42:838 ConfigRede =  0 
24/8/2009 - 10:42:42:838 Log =  1 
24/8/2009 - 10:42:42:838 Emulador =  0 
24/8/2009 - 10:42:42:838 Separador =  , 
24/8/2009 - 10:42:42:838 NomeLog =  Daruma32.log 
24/8/2009 - 10:42:42:838 SeparaMsgPromo =  0 
24/8/2009 - 10:42:42:838 ThreadNoStartup =  0 
24/8/2009 - 10:42:42:838 ValorRecebimentoNaoFiscal =  000000000000 
24/8/2009 - 10:42:42:838 UtilizarIndiceFP =  0 
24/8/2009 - 10:42:42:838 Velocidade =  115200 
24/8/2009 - 10:42:42:838 LinhasTEF =  2 
24/8/2009 - 10:42:42:838 LinhasGuilhotina =  5 
24/8/2009 - 10:42:42:838 MFDGuilhotina =  0 
24/8/2009 - 10:42:42:838 ZAutomatica =  0 
24/8/2009 - 10:42:42:838 XAutomatica =  0 
24/8/2009 - 10:42:42:838 DataEntradaHorarioVerao =  011104 
24/8/2009 - 10:42:42:838 DataSaidaHorarioVerao =  200205 
24/8/2009 - 10:42:42:838 ControlaHorarioVerao =  0 
24/8/2009 - 10:42:42:838 Vende1Linha =  1 
24/8/2009 - 10:42:42:838 TerminalServer =  0 
24/8/2009 - 10:42:42:838 PortaServidor =  1002 
24/8/2009 - 10:42:42:838 Tarantella =  0 
24/8/2009 - 10:42:42:838 CNFNV_PERSONALIZADO =  Suprimento 
24/8/2009 - 10:42:42:838 ErroExtendidoOk =  000 
24/8/2009 - 10:42:42:838 AbrirDiaFiscal =  1 
24/8/2009 - 10:42:42:838 VendaAutomatica =  0 
24/8/2009 - 10:42:42:838 IgnorarPoucoPapel =  1 
24/8/2009 - 10:42:42:838 ImpTextoLinhaaLinha =  1 
24/8/2009 - 10:42:42:838 Produto =  DEFAULT 
24/8/2009 - 10:42:42:838 ProdutoVirtual =  0 
24/8/2009 - 10:42:42:838 NumeroSerieNaoFormatado =  0 
24/8/2009 - 10:42:42:838 CGC =   
24/8/2009 - 10:42:42:838 IE =   
24/8/2009 - 10:42:42:838 MFDAliquotas =   
24/8/2009 - 10:42:42:838 MFDDescontos =   
24/8/2009 - 10:42:42:838 MFDAcrescimos =  0000000000000 
24/8/2009 - 10:42:42:838 MFDCancelamentos =   
24/8/2009 - 10:42:42:838 MFDPagamentos =   
24/8/2009 - 10:42:42:838 CupomAdicional =  0 
24/8/2009 - 10:42:42:838 CupomAdicionalDll =  0 
24/8/2009 - 10:42:42:838 CupomAdicionalDllConfig =  1111111111 
24/8/2009 - 10:42:42:838 ComandosEmLote =  0 
24/8/2009 - 10:42:42:838 FinalLote =  0 
24/8/2009 - 10:42:42:838 PathLote =  C:\ 
24/8/2009 - 10:42:42:838 TempoEsperaCheque =  5 
24/8/2009 - 10:42:42:838 MFDTamMinDescProd =  15 
24/8/2009 - 10:42:42:838 MFDDiaAberto =  1 
24/8/2009 - 10:42:42:838 MFDArredondaVendaItemValor =  0 
24/8/2009 - 10:42:42:838 MFDArredondaVendaItemQuantidade =  0 
24/8/2009 - 10:42:42:838 MFDLeituraMFCompleta =  0 
24/8/2009 - 10:42:42:838 InverteCGC_IE =  0 
24/8/2009 - 10:42:42:838 AguardarTerminoImpressao =  0 
24/8/2009 - 10:42:42:838 ContadorReducoes =  0207 
24/8/2009 - 10:42:42:838 QuebraLinha =  0 
24/8/2009 - 10:42:42:838 BuzzerCF =  0 
24/8/2009 - 10:42:42:838 BuzzerCNF =  0 
24/8/2009 - 10:42:42:838 BuzzerCNFV =  0 
24/8/2009 - 10:42:42:838 BuzzerRG =  0 
24/8/2009 - 10:42:42:838 CasasDecimaisQuantidade =  3 
24/8/2009 - 10:42:42:838 TempoEsperaLeitura =  150 
24/8/2009 - 10:42:42:838 MF_Full =  0 
24/8/2009 - 10:42:42:838 CooInicial =  003839 
24/8/2009 - 10:42:42:838 COO =  003842 
24/8/2009 - 10:42:42:838 CPF =   
24/8/2009 - 10:42:42:838 UnidadeMedida =  un 
24/8/2009 - 10:42:42:838 EmFechamento =  0 
24/8/2009 - 10:42:42:838 PodeCancelar =  0 
24/8/2009 - 10:42:42:838 ValorUltimoCupom =  000000001535 
24/8/2009 - 10:42:42:838 FPag01 =  0 
24/8/2009 - 10:42:42:838 FPag02 =  0 
24/8/2009 - 10:42:42:838 FPag03 =  0 
24/8/2009 - 10:42:42:838 FPag04 =  0 
24/8/2009 - 10:42:42:838 FPag05 =  4606 
24/8/2009 - 10:42:42:838 FPag06 =  0 
24/8/2009 - 10:42:42:838 FPag07 =  0 
24/8/2009 - 10:42:42:838 FPag08 =  0 
24/8/2009 - 10:42:42:838 FPag09 =  0 
24/8/2009 - 10:42:42:838 FPag10 =  0 
24/8/2009 - 10:42:42:838 FPag11 =  0 
24/8/2009 - 10:42:42:838 FPag12 =  0 
24/8/2009 - 10:42:42:838 FPag13 =  0 
24/8/2009 - 10:42:42:838 FPag14 =  0 
24/8/2009 - 10:42:42:838 FPag15 =  0 
24/8/2009 - 10:42:42:838 FPag16 =  0 
24/8/2009 - 10:42:42:838 Descricao =   
24/8/2009 - 10:42:42:838 UltimoItem =  001 
24/8/2009 - 10:42:42:838 ValorPagamentoVinculado =  000000001535 
24/8/2009 - 10:42:42:838 ValorRecebido =  4606 
24/8/2009 - 10:42:42:838 IndiceUltimaFormaPgto =  4 
24/8/2009 - 10:42:42:838 ValorUltimaFormaPgto =  000000004606 
24/8/2009 - 10:42:42:838 BuscarPorta =  1 
24/8/2009 - 10:42:42:838 LogTamMaxMB =  5 
24/8/2009 - 10:42:42:838 MFDFormataDados =  0 
24/8/2009 - 10:42:42:838 MFDValorFinal =  0 
24/8/2009 - 10:42:42:838 MFDSalvaInfoVenda =  0 
24/8/2009 - 10:42:42:838 MaxFechamentoAutomatico =  0 
24/8/2009 - 10:42:42:838 BeepNoStartUp =  1 
24/8/2009 - 10:42:42:838 TextoExtra =  X 
24/8/2009 - 10:42:42:838 UnidadeFederativa =  BR 
24/8/2009 - 10:42:42:838 NFP =  0 
24/8/2009 - 10:42:42:838 MFDEsperarCompactacaoRZ =  1 
24/8/2009 - 10:42:42:838 EstatisticaGaveta =  0 
24/8/2009 - 10:42:42:838 MFDArredondamentoAutomatico =  0 
24/8/2009 - 10:42:42:838 MFDLegendaInmetro =  0 
24/8/2009 - 10:42:42:838 CasasDecimaisValorDLL =  2 
24/8/2009 - 10:42:42:838 CasasDecimaisQtdeDLL =  3 
24/8/2009 - 10:42:42:838 CRZCompativel =  0 
24/8/2009 - 10:42:42:838 CCF =  002181 
24/8/2009 - 10:42:42:838 GTINICIAL =  000000000263646403 
24/8/2009 - 10:42:42:838 NFP_NomeCompativel =  0 
24/8/2009 - 10:42:42:838 BaudRate =  9600 
24/8/2009 - 10:42:42:838 Nome =   
24/8/2009 - 10:42:42:838 Endereco =   
24/8/2009 - 10:42:42:838 MFDCtrlPgto =  0 
24/8/2009 - 10:42:42:838 MFDTotalNaoFiscal =  0 
24/8/2009 - 10:42:42:838 CupomAdicionalDllTitulo =  Cupom Adicional 
24/8/2009 - 10:42:42:838 CupomAdicionalDllTitulo =  Cupom Adicional 
24/8/2009 - 10:42:42:838 ===============================================================================================
24/8/2009 - 10:42:42:838 |                                       DUAL                                                  |
24/8/2009 - 10:42:42:838 ===============================================================================================
24/8/2009 - 10:42:42:838 Default =  0 
24/8/2009 - 10:42:42:838 Enter =  1 
24/8/2009 - 10:42:42:838 Espera =  0 
24/8/2009 - 10:42:42:838 ModoEscrita =  0 
24/8/2009 - 10:42:42:838 Tabulacao =  05,10,15,20,30,40 
24/8/2009 - 10:42:42:838 Velocidade =  9600 
24/8/2009 - 10:42:42:838 Termica =  0 
24/8/2009 - 10:42:42:838 LinhasGuilhotina =  0 
24/8/2009 - 10:42:42:838 ModoGaveta =  0 
24/8/2009 - 10:42:42:838 ModoGaveta =  0 
24/8/2009 - 10:42:42:838 ===============================================================================================
24/8/2009 - 10:42:42:838 |                                       OBSERVER                                              |
24/8/2009 - 10:42:42:838 ===============================================================================================
24/8/2009 - 10:42:42:838 ERRO AO LISTAR REGISTER
24/8/2009 - 10:42:42:838 ===============================================================================================
24/8/2009 - 10:42:42:838 |                                       TA1000                                                |
24/8/2009 - 10:42:42:838 ===============================================================================================
24/8/2009 - 10:42:42:838 | GERAL                                                                                       |
24/8/2009 - 10:42:42:838 -----------------------------------------------------------------------------------------------
24/8/2009 - 10:42:42:838 TempoEspera =  10000 
24/8/2009 - 10:42:42:838 PrioridadeThread =  1 
24/8/2009 - 10:42:42:838 NumeroItens =  1 
24/8/2009 - 10:42:42:838 PathRelatorios =  C:\ 
24/8/2009 - 10:42:42:838 R60MA =  R60MA.plu 
24/8/2009 - 10:42:42:838 R60D =  R60D.plu 
24/8/2009 - 10:42:42:838 R60R =  R60R.plu 
24/8/2009 - 10:42:42:838 R60R =  R60R.plu 
24/8/2009 - 10:42:42:838 -----------------------------------------------------------------------------------------------
24/8/2009 - 10:42:42:838 | CONVENIO                                                                                     |
24/8/2009 - 10:42:42:838 -----------------------------------------------------------------------------------------------
24/8/2009 - 10:42:42:838 Point_X =  0 
24/8/2009 - 10:42:42:838 Point_Y =  0 
24/8/2009 - 10:42:42:838 Codigo =   
24/8/2009 - 10:42:42:838 Nome =   
24/8/2009 - 10:42:42:838 Endereco =   
24/8/2009 - 10:42:42:838 Cnpj =   
24/8/2009 - 10:42:42:838 IE =   
24/8/2009 - 10:42:42:838 IE =   
24/8/2009 - 10:42:42:838 -----------------------------------------------------------------------------------------------
24/8/2009 - 10:42:42:838 | PRODUTO                                                                                      |
24/8/2009 - 10:42:42:838 -----------------------------------------------------------------------------------------------
24/8/2009 - 10:42:42:838 CasasDecimais =   
24/8/2009 - 10:42:42:838 CasasQuantidade =   
24/8/2009 - 10:42:42:838 Codigo =   
24/8/2009 - 10:42:42:838 Descricao =   
24/8/2009 - 10:42:42:838 Estoque =   
24/8/2009 - 10:42:42:838 Path =  C:\ 
24/8/2009 - 10:42:42:838 Point_X =  0 
24/8/2009 - 10:42:42:838 Point_Y =  0 
24/8/2009 - 10:42:42:838 Unidade =   
24/8/2009 - 10:42:42:838 Valor =   
24/8/2009 - 10:42:42:838 ValorDA =   
24/8/2009 - 10:42:42:838 ValorDA =   
24/8/2009 - 10:42:42:838 -----------------------------------------------------------------------------------------------
24/8/2009 - 10:42:42:838 | USUARIO                                                                                     |
24/8/2009 - 10:42:42:838 -----------------------------------------------------------------------------------------------
24/8/2009 - 10:42:42:838 Point_X =  0 
24/8/2009 - 10:42:42:838 Point_Y =  0 
24/8/2009 - 10:42:42:838 Codigo =   
24/8/2009 - 10:42:42:838 Nome =   
24/8/2009 - 10:42:42:838 CodigoConvenio =   
24/8/2009 - 10:42:42:838 Cpf =   
24/8/2009 - 10:42:42:838 Cpf =   
24/8/2009 - 10:42:42:838 -----------------------------------------------------------------------------------------------
24/8/2009 - 10:42:59:155 Entrada da Funcao Daruma_Comunic_FecharSerial
11/2/2010 - 10:19:40:968 ===============================================================================================
11/2/2010 - 10:19:41:0 |                                                                                             |
11/2/2010 - 10:19:41:0 |                                       DARUMADEC.DLL                                         |
11/2/2010 - 10:19:41:0 |                                                                                             |
11/2/2010 - 10:19:41:0 |                                                                                             |
11/2/2010 - 10:19:41:0 ===============================================================================================
11/2/2010 - 10:19:41:0 ===============================================================================================
11/2/2010 - 10:19:41:0 |                                                                                             |
11/2/2010 - 10:19:41:0 |                                       REGISTER                                              |
11/2/2010 - 10:19:41:0 |                                                                                             |
11/2/2010 - 10:19:41:0 ===============================================================================================
11/2/2010 - 10:19:41:0 ===============================================================================================
11/2/2010 - 10:19:41:0 |                                       ECF                                                   |
11/2/2010 - 10:19:41:0 ===============================================================================================
11/2/2010 - 10:19:41:0 AplMensagem1 =  DARUMA32 FrameWork Mensagem Não Programada 
11/2/2010 - 10:19:41:0 AplMensagem2 =  DARUMA32 FrameWork Mensagem Não Programada 
11/2/2010 - 10:19:41:0 TipoUltimoDocumento =  CPF 
11/2/2010 - 10:19:41:0 UnidadeFederativa =  BR 
11/2/2010 - 10:19:41:0 SerialByteaByte =  0 
11/2/2010 - 10:19:41:0 CPF =   
11/2/2010 - 10:19:41:0 Porta =  DEFAULT 
11/2/2010 - 10:19:41:0 BuscarPorta =  1 
11/2/2010 - 10:19:41:0 Path =  C:\ 
11/2/2010 - 10:19:41:0 Status =  0 
11/2/2010 - 10:19:41:0 StatusFuncao =  0 
11/2/2010 - 10:19:41:0 Retorno =  0 
11/2/2010 - 10:19:41:0 ControlePorta =  2 
11/2/2010 - 10:19:41:0 ModoGaveta =  0 
11/2/2010 - 10:19:41:0 ConfigRede =  0 
11/2/2010 - 10:19:41:0 Log =  1 
11/2/2010 - 10:19:41:0 Emulador =  0 
11/2/2010 - 10:19:41:0 Separador =  , 
11/2/2010 - 10:19:41:0 NomeLog =  Daruma32.log 
11/2/2010 - 10:19:41:0 NFP =  0 
11/2/2010 - 10:19:41:0 NFP_NomeCompativel =  0 
11/2/2010 - 10:19:41:0 LogTamMaxMB =  5 
11/2/2010 - 10:19:41:0 SeparaMsgPromo =  0 
11/2/2010 - 10:19:41:0 ThreadNoStartup =  0 
11/2/2010 - 10:19:41:0 ValorRecebimentoNaoFiscal =  000000000000 
11/2/2010 - 10:19:41:0 UtilizarIndiceFP =  0 
11/2/2010 - 10:19:41:0 Velocidade =  9600 
11/2/2010 - 10:19:41:0 LinhasTEF =  2 
11/2/2010 - 10:19:41:0 LinhasGuilhotina =  5 
11/2/2010 - 10:19:41:0 MFDGuilhotina =  0 
11/2/2010 - 10:19:41:0 MFDFormataDados =  0 
11/2/2010 - 10:19:41:0 MFDValorFinal =  0 
11/2/2010 - 10:19:41:0 MFDSalvaInfoVenda =  0 
11/2/2010 - 10:19:41:0 MFDEsperarCompactacaoRZ =  1 
11/2/2010 - 10:19:41:0 ZAutomatica =  0 
11/2/2010 - 10:19:41:0 XAutomatica =  0 
11/2/2010 - 10:19:41:0 MaxFechamentoAutomatico =  0 
11/2/2010 - 10:19:41:0 EstatisticaGaveta =  0 
11/2/2010 - 10:19:41:0 DataEntradaHorarioVerao =  011104 
11/2/2010 - 10:19:41:0 DataSaidaHorarioVerao =  200205 
11/2/2010 - 10:19:41:0 ControlaHorarioVerao =  0 
11/2/2010 - 10:19:41:0 Vende1Linha =  1 
11/2/2010 - 10:19:41:0 TerminalServer =  0 
11/2/2010 - 10:19:41:0 PortaServidor =  1002 
11/2/2010 - 10:19:41:0 Tarantella =  0 
11/2/2010 - 10:19:41:0 CNFNV_PERSONALIZADO =  Suprimento 
11/2/2010 - 10:19:41:0 ErroExtendidoOk =  000 
11/2/2010 - 10:19:41:0 AbrirDiaFiscal =  1 
11/2/2010 - 10:19:41:0 VendaAutomatica =  0 
11/2/2010 - 10:19:41:0 IgnorarPoucoPapel =  1 
11/2/2010 - 10:19:41:0 ImpTextoLinhaaLinha =  1 
11/2/2010 - 10:19:41:0 Produto =  DEFAULT 
11/2/2010 - 10:19:41:0 ProdutoVirtual =  0 
11/2/2010 - 10:19:41:0 NumeroSerieNaoFormatado =  0 
11/2/2010 - 10:19:41:0 CGC =   
11/2/2010 - 10:19:41:0 IE =   
11/2/2010 - 10:19:41:0 MFDAliquotas =   
11/2/2010 - 10:19:41:0 MFDDescontos =   
11/2/2010 - 10:19:41:0 MFDAcrescimos =   
11/2/2010 - 10:19:41:0 MFDCancelamentos =   
11/2/2010 - 10:19:41:0 MFDPagamentos =   
11/2/2010 - 10:19:41:0 CupomAdicional =  0 
11/2/2010 - 10:19:41:0 CupomAdicionalDll =  0 
11/2/2010 - 10:19:41:0 CupomAdicionalDllConfig =  111111111111111110 
11/2/2010 - 10:19:41:0 CupomAdicionalDllTitulo =  Cupom Adicional 
11/2/2010 - 10:19:41:0 ComandosEmLote =  0 
11/2/2010 - 10:19:41:0 FinalLote =  0 
11/2/2010 - 10:19:41:0 PathLote =  C:\ 
11/2/2010 - 10:19:41:0 TempoEsperaCheque =  5 
11/2/2010 - 10:19:41:0 MFDTamMinDescProd =  15 
11/2/2010 - 10:19:41:0 MFDDiaAberto =  1 
11/2/2010 - 10:19:41:0 MFDArredondaVendaItemValor =  0 
11/2/2010 - 10:19:41:0 MFDArredondaVendaItemQuantidade =  0 
11/2/2010 - 10:19:41:0 MFDArredondamentoAutomatico =  0 
11/2/2010 - 10:19:41:0 MFDLegendaInmetro =  0 
11/2/2010 - 10:19:41:0 MFDLeituraMFCompleta =  1 
11/2/2010 - 10:19:41:0 InverteCGC_IE =  0 
11/2/2010 - 10:19:41:0 AguardarTerminoImpressao =  0 
11/2/2010 - 10:19:41:0 ContadorReducoes =  0258 
11/2/2010 - 10:19:41:0 QuebraLinha =  0 
11/2/2010 - 10:19:41:0 CasasDecimaisValorDLL =  2 
11/2/2010 - 10:19:41:0 CasasDecimaisQtdeDLL =  3 
11/2/2010 - 10:19:41:0 BuzzerCF =  0 
11/2/2010 - 10:19:41:0 BuzzerCNF =  0 
11/2/2010 - 10:19:41:0 BuzzerCNFV =  0 
11/2/2010 - 10:19:41:0 BuzzerRG =  0 
11/2/2010 - 10:19:41:0 CasasDecimaisQuantidade =  3 
11/2/2010 - 10:19:41:0 TempoEsperaLeitura =  150 
11/2/2010 - 10:19:41:0 BeepNoStartUp =  1 
11/2/2010 - 10:19:41:0 CRZCompativel =  0 
11/2/2010 - 10:19:41:0 COO =  003052 
11/2/2010 - 10:19:41:0 CooInicial =  003023 
11/2/2010 - 10:19:41:0 CCF =  002493 
11/2/2010 - 10:19:41:0 MF_Full =  0 
11/2/2010 - 10:19:41:0 PodeCancelar =  1 
11/2/2010 - 10:19:41:0 EmFechamento =  0 
11/2/2010 - 10:19:41:0 UnidadeMedida =  un 
11/2/2010 - 10:19:41:0 ValorUltimoCupom =  000000000278 
11/2/2010 - 10:19:41:0 ValorRecebido =  278 
11/2/2010 - 10:19:41:0 ValorPagamentoVinculado =  0 
11/2/2010 - 10:19:41:0 ValorUltimaFormaPgto =  000000000278 
11/2/2010 - 10:19:41:0 FPag01 =  278 
11/2/2010 - 10:19:41:0 FPag02 =  0 
11/2/2010 - 10:19:41:0 FPag03 =  0 
11/2/2010 - 10:19:41:0 FPag04 =  0 
11/2/2010 - 10:19:41:0 FPag05 =  0 
11/2/2010 - 10:19:41:0 FPag06 =  0 
11/2/2010 - 10:19:41:0 FPag07 =  0 
11/2/2010 - 10:19:41:0 FPag08 =  0 
11/2/2010 - 10:19:41:0 FPag09 =  0 
11/2/2010 - 10:19:41:0 FPag10 =  0 
11/2/2010 - 10:19:41:0 FPag11 =  0 
11/2/2010 - 10:19:41:0 FPag12 =  0 
11/2/2010 - 10:19:41:0 FPag13 =  0 
11/2/2010 - 10:19:41:0 FPag14 =  0 
11/2/2010 - 10:19:41:0 FPag15 =  0 
11/2/2010 - 10:19:41:15 FPag16 =  0 
11/2/2010 - 10:19:41:15 UltimoItem =  001 
11/2/2010 - 10:19:41:15 Descricao =   
11/2/2010 - 10:19:41:15 IndiceUltimaFormaPgto =  0 
11/2/2010 - 10:19:41:15 AplMensagemRestaurar =  0 
11/2/2010 - 10:19:41:15 CupomMania =  0 
11/2/2010 - 10:19:41:15 CupomManiaTotal =  0 
11/2/2010 - 10:19:41:15 ReadTotalTimeout =  0 
11/2/2010 - 10:19:41:15 FS700H =  2 
11/2/2010 - 10:19:41:15 GTINICIAL =  000000000004502480 
11/2/2010 - 10:19:41:15 BaudRate =  9600 
11/2/2010 - 10:19:41:15 BaudRate =  9600 
11/2/2010 - 10:19:41:15 ===============================================================================================
11/2/2010 - 10:19:41:15 |                                       DUAL                                                  |
11/2/2010 - 10:19:41:15 ===============================================================================================
11/2/2010 - 10:19:41:15 Default =  0 
11/2/2010 - 10:19:41:15 Enter =  1 
11/2/2010 - 10:19:41:15 Espera =  0 
11/2/2010 - 10:19:41:15 ModoEscrita =  0 
11/2/2010 - 10:19:41:15 Tabulacao =  05,10,15,20,30,40 
11/2/2010 - 10:19:41:15 Velocidade =  9600 
11/2/2010 - 10:19:41:15 Termica =  0 
11/2/2010 - 10:19:41:15 LinhasGuilhotina =  0 
11/2/2010 - 10:19:41:15 ModoGaveta =  0 
11/2/2010 - 10:19:41:15 ModoGaveta =  0 
11/2/2010 - 10:19:41:15 ===============================================================================================
11/2/2010 - 10:19:41:15 |                                       OBSERVER                                              |
11/2/2010 - 10:19:41:15 ===============================================================================================
11/2/2010 - 10:19:41:15 ERRO AO LISTAR REGISTER
11/2/2010 - 10:19:41:15 ===============================================================================================
11/2/2010 - 10:19:41:15 |                                       TA1000                                                |
11/2/2010 - 10:19:41:15 ===============================================================================================
11/2/2010 - 10:19:41:15 | GERAL                                                                                       |
11/2/2010 - 10:19:41:15 -----------------------------------------------------------------------------------------------
11/2/2010 - 10:19:41:15 TempoEspera =  10000 
11/2/2010 - 10:19:41:15 PrioridadeThread =  1 
11/2/2010 - 10:19:41:15 NumeroItens =  1 
11/2/2010 - 10:19:41:15 PathRelatorios =  C:\ 
11/2/2010 - 10:19:41:15 R60MA =  R60MA.plu 
11/2/2010 - 10:19:41:15 R60D =  R60D.plu 
11/2/2010 - 10:19:41:15 R60R =  R60R.plu 
11/2/2010 - 10:19:41:15 R60R =  R60R.plu 
11/2/2010 - 10:19:41:15 -----------------------------------------------------------------------------------------------
11/2/2010 - 10:19:41:15 | CONVENIO                                                                                     |
11/2/2010 - 10:19:41:15 -----------------------------------------------------------------------------------------------
11/2/2010 - 10:19:41:15 Point_X =  0 
11/2/2010 - 10:19:41:15 Point_Y =  0 
11/2/2010 - 10:19:41:15 Codigo =   
11/2/2010 - 10:19:41:15 Nome =   
11/2/2010 - 10:19:41:15 Endereco =   
11/2/2010 - 10:19:41:15 Cnpj =   
11/2/2010 - 10:19:41:15 IE =   
11/2/2010 - 10:19:41:15 IE =   
11/2/2010 - 10:19:41:15 -----------------------------------------------------------------------------------------------
11/2/2010 - 10:19:41:15 | PRODUTO                                                                                      |
11/2/2010 - 10:19:41:15 -----------------------------------------------------------------------------------------------
11/2/2010 - 10:19:41:15 CasasDecimais =   
11/2/2010 - 10:19:41:15 CasasQuantidade =   
11/2/2010 - 10:19:41:15 Codigo =   
11/2/2010 - 10:19:41:15 Descricao =   
11/2/2010 - 10:19:41:15 Estoque =   
11/2/2010 - 10:19:41:15 Path =  C:\ 
11/2/2010 - 10:19:41:15 Point_X =  0 
11/2/2010 - 10:19:41:15 Point_Y =  0 
11/2/2010 - 10:19:41:15 Unidade =   
11/2/2010 - 10:19:41:15 Valor =   
11/2/2010 - 10:19:41:15 ValorDA =   
11/2/2010 - 10:19:41:15 ValorDA =   
11/2/2010 - 10:19:41:15 -----------------------------------------------------------------------------------------------
11/2/2010 - 10:19:41:15 | USUARIO                                                                                     |
11/2/2010 - 10:19:41:15 -----------------------------------------------------------------------------------------------
11/2/2010 - 10:19:41:15 Point_X =  0 
11/2/2010 - 10:19:41:15 Point_Y =  0 
11/2/2010 - 10:19:41:15 Codigo =   
11/2/2010 - 10:19:41:15 Nome =   
11/2/2010 - 10:19:41:15 CodigoConvenio =   
11/2/2010 - 10:19:41:15 Cpf =   
11/2/2010 - 10:19:41:15 Cpf =   
11/2/2010 - 10:19:41:15 -----------------------------------------------------------------------------------------------
11/2/2010 - 10:20:2:562 Entrada da Funcao Daruma_Comunic_FecharSerial
6/3/2010 - 9:30:19:31 ===============================================================================================
6/3/2010 - 9:30:19:62 |                                                                                             |
6/3/2010 - 9:30:19:62 |                                       DARUMADEC.DLL                                         |
6/3/2010 - 9:30:19:62 |                                                                                             |
6/3/2010 - 9:30:19:62 |                                                                                             |
6/3/2010 - 9:30:19:62 ===============================================================================================
6/3/2010 - 9:30:19:62 ===============================================================================================
6/3/2010 - 9:30:19:62 |                                                                                             |
6/3/2010 - 9:30:19:62 |                                       REGISTER                                              |
6/3/2010 - 9:30:19:62 |                                                                                             |
6/3/2010 - 9:30:19:62 ===============================================================================================
6/3/2010 - 9:30:19:62 ===============================================================================================
6/3/2010 - 9:30:19:62 |                                       ECF                                                   |
6/3/2010 - 9:30:19:62 ===============================================================================================
6/3/2010 - 9:30:19:62 AplMensagem1 =  DARUMA32 FrameWork Mensagem Não Programada 
6/3/2010 - 9:30:19:62 AplMensagem2 =  DARUMA32 FrameWork Mensagem Não Programada 
6/3/2010 - 9:30:19:62 TipoUltimoDocumento =  CPF 
6/3/2010 - 9:30:19:62 UnidadeFederativa =  BR 
6/3/2010 - 9:30:19:62 SerialByteaByte =  0 
6/3/2010 - 9:30:19:62 CPF =   
6/3/2010 - 9:30:19:62 Porta =  DEFAULT 
6/3/2010 - 9:30:19:62 BuscarPorta =  1 
6/3/2010 - 9:30:19:62 Path =  C:\ 
6/3/2010 - 9:30:19:62 Status =  0 
6/3/2010 - 9:30:19:62 StatusFuncao =  0 
6/3/2010 - 9:30:19:62 Retorno =  0 
6/3/2010 - 9:30:19:62 ControlePorta =  0 
6/3/2010 - 9:30:19:62 ModoGaveta =  0 
6/3/2010 - 9:30:19:62 ConfigRede =  0 
6/3/2010 - 9:30:19:62 Log =  1 
6/3/2010 - 9:30:19:62 Emulador =  0 
6/3/2010 - 9:30:19:62 Separador =  , 
6/3/2010 - 9:30:19:62 NomeLog =  Daruma32.log 
6/3/2010 - 9:30:19:62 NFP =  0 
6/3/2010 - 9:30:19:62 NFP_NomeCompativel =  0 
6/3/2010 - 9:30:19:62 LogTamMaxMB =  5 
6/3/2010 - 9:30:19:62 SeparaMsgPromo =  0 
6/3/2010 - 9:30:19:62 ThreadNoStartup =  0 
6/3/2010 - 9:30:19:62 ValorRecebimentoNaoFiscal =  000000000000 
6/3/2010 - 9:30:19:62 UtilizarIndiceFP =  0 
6/3/2010 - 9:30:19:62 Velocidade =  9600 
6/3/2010 - 9:30:19:62 LinhasTEF =  2 
6/3/2010 - 9:30:19:62 LinhasGuilhotina =  5 
6/3/2010 - 9:30:19:62 MFDGuilhotina =  0 
6/3/2010 - 9:30:19:62 MFDFormataDados =  0 
6/3/2010 - 9:30:19:62 MFDValorFinal =  0 
6/3/2010 - 9:30:19:62 MFDSalvaInfoVenda =  0 
6/3/2010 - 9:30:19:62 MFDEsperarCompactacaoRZ =  1 
6/3/2010 - 9:30:19:62 ZAutomatica =  0 
6/3/2010 - 9:30:19:62 XAutomatica =  0 
6/3/2010 - 9:30:19:62 MaxFechamentoAutomatico =  0 
6/3/2010 - 9:30:19:62 EstatisticaGaveta =  0 
6/3/2010 - 9:30:19:62 DataEntradaHorarioVerao =  011104 
6/3/2010 - 9:30:19:62 DataSaidaHorarioVerao =  200205 
6/3/2010 - 9:30:19:62 ControlaHorarioVerao =  0 
6/3/2010 - 9:30:19:62 Vende1Linha =  1 
6/3/2010 - 9:30:19:62 TerminalServer =  0 
6/3/2010 - 9:30:19:62 PortaServidor =  1002 
6/3/2010 - 9:30:19:62 Tarantella =  0 
6/3/2010 - 9:30:19:62 CNFNV_PERSONALIZADO =  Suprimento 
6/3/2010 - 9:30:19:62 ErroExtendidoOk =  000 
6/3/2010 - 9:30:19:62 AbrirDiaFiscal =  1 
6/3/2010 - 9:30:19:62 VendaAutomatica =  0 
6/3/2010 - 9:30:19:62 IgnorarPoucoPapel =  1 
6/3/2010 - 9:30:19:62 ImpTextoLinhaaLinha =  1 
6/3/2010 - 9:30:19:62 Produto =  DEFAULT 
6/3/2010 - 9:30:19:62 ProdutoVirtual =  0 
6/3/2010 - 9:30:19:62 NumeroSerieNaoFormatado =  0 
6/3/2010 - 9:30:19:62 CGC =   
6/3/2010 - 9:30:19:62 IE =   
6/3/2010 - 9:30:19:62 MFDAliquotas =   
6/3/2010 - 9:30:19:62 MFDDescontos =   
6/3/2010 - 9:30:19:62 MFDAcrescimos =   
6/3/2010 - 9:30:19:62 MFDCancelamentos =   
6/3/2010 - 9:30:19:62 MFDPagamentos =   
6/3/2010 - 9:30:19:62 CupomAdicional =  0 
6/3/2010 - 9:30:19:62 CupomAdicionalDll =  0 
6/3/2010 - 9:30:19:62 CupomAdicionalDllConfig =  111111111111111110 
6/3/2010 - 9:30:19:62 CupomAdicionalDllTitulo =  Cupom Adicional 
6/3/2010 - 9:30:19:62 ComandosEmLote =  0 
6/3/2010 - 9:30:19:62 FinalLote =  0 
6/3/2010 - 9:30:19:62 PathLote =  C:\ 
6/3/2010 - 9:30:19:62 TempoEsperaCheque =  5 
6/3/2010 - 9:30:19:62 MFDTamMinDescProd =  15 
6/3/2010 - 9:30:19:62 MFDDiaAberto =  1 
6/3/2010 - 9:30:19:62 MFDArredondaVendaItemValor =  0 
6/3/2010 - 9:30:19:62 MFDArredondaVendaItemQuantidade =  0 
6/3/2010 - 9:30:19:62 MFDArredondamentoAutomatico =  0 
6/3/2010 - 9:30:19:62 MFDLegendaInmetro =  0 
6/3/2010 - 9:30:19:62 MFDLeituraMFCompleta =  1 
6/3/2010 - 9:30:19:62 InverteCGC_IE =  0 
6/3/2010 - 9:30:19:62 AguardarTerminoImpressao =  0 
6/3/2010 - 9:30:19:62 ContadorReducoes =  0259 
6/3/2010 - 9:30:19:62 QuebraLinha =  0 
6/3/2010 - 9:30:19:62 CasasDecimaisValorDLL =  2 
6/3/2010 - 9:30:19:62 CasasDecimaisQtdeDLL =  3 
6/3/2010 - 9:30:19:62 BuzzerCF =  0 
6/3/2010 - 9:30:19:62 BuzzerCNF =  0 
6/3/2010 - 9:30:19:62 BuzzerCNFV =  0 
6/3/2010 - 9:30:19:62 BuzzerRG =  0 
6/3/2010 - 9:30:19:62 CasasDecimaisQuantidade =  3 
6/3/2010 - 9:30:19:62 TempoEsperaLeitura =  150 
6/3/2010 - 9:30:19:62 BeepNoStartUp =  1 
6/3/2010 - 9:30:19:62 CRZCompativel =  0 
6/3/2010 - 9:30:19:62 COO =  003080 
6/3/2010 - 9:30:19:62 CooInicial =  003069 
6/3/2010 - 9:30:19:62 CCF =  002511 
6/3/2010 - 9:30:19:62 MF_Full =  0 
6/3/2010 - 9:30:19:62 PodeCancelar =  0 
6/3/2010 - 9:30:19:62 EmFechamento =  0 
6/3/2010 - 9:30:19:62 UnidadeMedida =  un 
6/3/2010 - 9:30:19:62 ValorUltimoCupom =  000000001839 
6/3/2010 - 9:30:19:62 ValorRecebido =  1839 
6/3/2010 - 9:30:19:62 ValorPagamentoVinculado =  0 
6/3/2010 - 9:30:19:62 ValorUltimaFormaPgto =  000000001839 
6/3/2010 - 9:30:19:62 FPag01 =  1839 
6/3/2010 - 9:30:19:62 FPag02 =  0 
6/3/2010 - 9:30:19:62 FPag03 =  0 
6/3/2010 - 9:30:19:62 FPag04 =  0 
6/3/2010 - 9:30:19:62 FPag05 =  0 
6/3/2010 - 9:30:19:62 FPag06 =  0 
6/3/2010 - 9:30:19:62 FPag07 =  0 
6/3/2010 - 9:30:19:62 FPag08 =  0 
6/3/2010 - 9:30:19:62 FPag09 =  0 
6/3/2010 - 9:30:19:62 FPag10 =  0 
6/3/2010 - 9:30:19:62 FPag11 =  0 
6/3/2010 - 9:30:19:62 FPag12 =  0 
6/3/2010 - 9:30:19:62 FPag13 =  0 
6/3/2010 - 9:30:19:62 FPag14 =  0 
6/3/2010 - 9:30:19:62 FPag15 =  0 
6/3/2010 - 9:30:19:62 FPag16 =  0 
6/3/2010 - 9:30:19:62 UltimoItem =  004 
6/3/2010 - 9:30:19:62 Descricao =   
6/3/2010 - 9:30:19:62 IndiceUltimaFormaPgto =  0 
6/3/2010 - 9:30:19:62 AplMensagemRestaurar =  0 
6/3/2010 - 9:30:19:62 CupomMania =  0 
6/3/2010 - 9:30:19:62 CupomManiaTotal =  0 
6/3/2010 - 9:30:19:62 ReadTotalTimeout =  0 
6/3/2010 - 9:30:19:62 FS700H =  2 
6/3/2010 - 9:30:19:62 GTINICIAL =  000000000004580834 
6/3/2010 - 9:30:19:62 BaudRate =  9600 
6/3/2010 - 9:30:19:62 BaudRate =  9600 
6/3/2010 - 9:30:19:62 ===============================================================================================
6/3/2010 - 9:30:19:62 |                                       DUAL                                                  |
6/3/2010 - 9:30:19:62 ===============================================================================================
6/3/2010 - 9:30:19:62 Default =  0 
6/3/2010 - 9:30:19:62 Enter =  1 
6/3/2010 - 9:30:19:62 Espera =  0 
6/3/2010 - 9:30:19:62 ModoEscrita =  0 
6/3/2010 - 9:30:19:62 Tabulacao =  05,10,15,20,30,40 
6/3/2010 - 9:30:19:62 Velocidade =  9600 
6/3/2010 - 9:30:19:62 Termica =  0 
6/3/2010 - 9:30:19:62 LinhasGuilhotina =  0 
6/3/2010 - 9:30:19:62 ModoGaveta =  0 
6/3/2010 - 9:30:19:62 ModoGaveta =  0 
6/3/2010 - 9:30:19:62 ===============================================================================================
6/3/2010 - 9:30:19:62 |                                       OBSERVER                                              |
6/3/2010 - 9:30:19:62 ===============================================================================================
6/3/2010 - 9:30:19:62 ERRO AO LISTAR REGISTER
6/3/2010 - 9:30:19:62 ===============================================================================================
6/3/2010 - 9:30:19:62 |                                       TA1000                                                |
6/3/2010 - 9:30:19:62 ===============================================================================================
6/3/2010 - 9:30:19:62 | GERAL                                                                                       |
6/3/2010 - 9:30:19:62 -----------------------------------------------------------------------------------------------
6/3/2010 - 9:30:19:62 TempoEspera =  10000 
6/3/2010 - 9:30:19:62 PrioridadeThread =  1 
6/3/2010 - 9:30:19:62 NumeroItens =  1 
6/3/2010 - 9:30:19:62 PathRelatorios =  C:\ 
6/3/2010 - 9:30:19:62 R60MA =  R60MA.plu 
6/3/2010 - 9:30:19:62 R60D =  R60D.plu 
6/3/2010 - 9:30:19:62 R60R =  R60R.plu 
6/3/2010 - 9:30:19:62 R60R =  R60R.plu 
6/3/2010 - 9:30:19:62 -----------------------------------------------------------------------------------------------
6/3/2010 - 9:30:19:62 | CONVENIO                                                                                     |
6/3/2010 - 9:30:19:62 -----------------------------------------------------------------------------------------------
6/3/2010 - 9:30:19:62 Point_X =  0 
6/3/2010 - 9:30:19:62 Point_Y =  0 
6/3/2010 - 9:30:19:62 Codigo =   
6/3/2010 - 9:30:19:62 Nome =   
6/3/2010 - 9:30:19:62 Endereco =   
6/3/2010 - 9:30:19:62 Cnpj =   
6/3/2010 - 9:30:19:62 IE =   
6/3/2010 - 9:30:19:62 IE =   
6/3/2010 - 9:30:19:62 -----------------------------------------------------------------------------------------------
6/3/2010 - 9:30:19:62 | PRODUTO                                                                                      |
6/3/2010 - 9:30:19:62 -----------------------------------------------------------------------------------------------
6/3/2010 - 9:30:19:62 CasasDecimais =   
6/3/2010 - 9:30:19:62 CasasQuantidade =   
6/3/2010 - 9:30:19:62 Codigo =   
6/3/2010 - 9:30:19:62 Descricao =   
6/3/2010 - 9:30:19:62 Estoque =   
6/3/2010 - 9:30:19:62 Path =  C:\ 
6/3/2010 - 9:30:19:62 Point_X =  0 
6/3/2010 - 9:30:19:62 Point_Y =  0 
6/3/2010 - 9:30:19:62 Unidade =   
6/3/2010 - 9:30:19:62 Valor =   
6/3/2010 - 9:30:19:62 ValorDA =   
6/3/2010 - 9:30:19:62 ValorDA =   
6/3/2010 - 9:30:19:62 -----------------------------------------------------------------------------------------------
6/3/2010 - 9:30:19:62 | USUARIO                                                                                     |
6/3/2010 - 9:30:19:62 -----------------------------------------------------------------------------------------------
6/3/2010 - 9:30:19:62 Point_X =  0 
6/3/2010 - 9:30:19:62 Point_Y =  0 
6/3/2010 - 9:30:19:62 Codigo =   
6/3/2010 - 9:30:19:62 Nome =   
6/3/2010 - 9:30:19:62 CodigoConvenio =   
6/3/2010 - 9:30:19:62 Cpf =   
6/3/2010 - 9:30:19:62 Cpf =   
6/3/2010 - 9:30:19:62 -----------------------------------------------------------------------------------------------
6/3/2010 - 9:30:27:687 Entrada da Funcao Daruma_Comunic_FecharSerial
13/4/2010 - 12:25:14:265 ===============================================================================================
13/4/2010 - 12:25:14:312 |                                                                                             |
13/4/2010 - 12:25:14:312 |                                       DARUMADEC.DLL                                         |
13/4/2010 - 12:25:14:312 |                                                                                             |
13/4/2010 - 12:25:14:312 |                                                                                             |
13/4/2010 - 12:25:14:312 ===============================================================================================
13/4/2010 - 12:25:14:312 ===============================================================================================
13/4/2010 - 12:25:14:312 |                                                                                             |
13/4/2010 - 12:25:14:312 |                                       REGISTER                                              |
13/4/2010 - 12:25:14:312 |                                                                                             |
13/4/2010 - 12:25:14:312 ===============================================================================================
13/4/2010 - 12:25:14:312 ===============================================================================================
13/4/2010 - 12:25:14:312 |                                       ECF                                                   |
13/4/2010 - 12:25:14:312 ===============================================================================================
13/4/2010 - 12:25:14:328 AplMensagem1 =  DARUMA32 FrameWork Mensagem Não Programada 
13/4/2010 - 12:25:14:328 AplMensagem2 =  DARUMA32 FrameWork Mensagem Não Programada 
13/4/2010 - 12:25:14:328 TipoUltimoDocumento =  CPF 
13/4/2010 - 12:25:14:328 UnidadeFederativa =  BR 
13/4/2010 - 12:25:14:328 SerialByteaByte =  0 
13/4/2010 - 12:25:14:328 CPF =   
13/4/2010 - 12:25:14:328 Porta =  DEFAULT 
13/4/2010 - 12:25:14:328 BuscarPorta =  1 
13/4/2010 - 12:25:14:328 Path =  C:\ 
13/4/2010 - 12:25:14:328 Status =  0 
13/4/2010 - 12:25:14:328 StatusFuncao =  0 
13/4/2010 - 12:25:14:328 Retorno =  0 
13/4/2010 - 12:25:14:328 ControlePorta =  0 
13/4/2010 - 12:25:14:328 ModoGaveta =  0 
13/4/2010 - 12:25:14:328 ConfigRede =  0 
13/4/2010 - 12:25:14:328 Log =  1 
13/4/2010 - 12:25:14:328 Emulador =  0 
13/4/2010 - 12:25:14:328 Separador =  , 
13/4/2010 - 12:25:14:328 NomeLog =  Daruma32.log 
13/4/2010 - 12:25:14:328 NFP =  0 
13/4/2010 - 12:25:14:328 NFP_NomeCompativel =  0 
13/4/2010 - 12:25:14:328 LogTamMaxMB =  5 
13/4/2010 - 12:25:14:328 SeparaMsgPromo =  0 
13/4/2010 - 12:25:14:328 ThreadNoStartup =  0 
13/4/2010 - 12:25:14:328 ValorRecebimentoNaoFiscal =  000000000000 
13/4/2010 - 12:25:14:328 UtilizarIndiceFP =  0 
13/4/2010 - 12:25:14:328 Velocidade =  9600 
13/4/2010 - 12:25:14:328 LinhasTEF =  2 
13/4/2010 - 12:25:14:328 LinhasGuilhotina =  5 
13/4/2010 - 12:25:14:328 MFDGuilhotina =  0 
13/4/2010 - 12:25:14:328 MFDFormataDados =  0 
13/4/2010 - 12:25:14:328 MFDValorFinal =  0 
13/4/2010 - 12:25:14:328 MFDSalvaInfoVenda =  0 
13/4/2010 - 12:25:14:328 MFDEsperarCompactacaoRZ =  1 
13/4/2010 - 12:25:14:328 ZAutomatica =  0 
13/4/2010 - 12:25:14:328 XAutomatica =  0 
13/4/2010 - 12:25:14:328 MaxFechamentoAutomatico =  0 
13/4/2010 - 12:25:14:328 EstatisticaGaveta =  0 
13/4/2010 - 12:25:14:328 DataEntradaHorarioVerao =  011104 
13/4/2010 - 12:25:14:328 DataSaidaHorarioVerao =  200205 
13/4/2010 - 12:25:14:328 ControlaHorarioVerao =  0 
13/4/2010 - 12:25:14:328 Vende1Linha =  1 
13/4/2010 - 12:25:14:328 TerminalServer =  0 
13/4/2010 - 12:25:14:328 PortaServidor =  1002 
13/4/2010 - 12:25:14:328 Tarantella =  0 
13/4/2010 - 12:25:14:328 CNFNV_PERSONALIZADO =  Suprimento 
13/4/2010 - 12:25:14:328 ErroExtendidoOk =  000 
13/4/2010 - 12:25:14:328 AbrirDiaFiscal =  1 
13/4/2010 - 12:25:14:328 VendaAutomatica =  0 
13/4/2010 - 12:25:14:328 IgnorarPoucoPapel =  1 
13/4/2010 - 12:25:14:328 ImpTextoLinhaaLinha =  1 
13/4/2010 - 12:25:14:328 Produto =  DEFAULT 
13/4/2010 - 12:25:14:328 ProdutoVirtual =  0 
13/4/2010 - 12:25:14:328 NumeroSerieNaoFormatado =  0 
13/4/2010 - 12:25:14:328 CGC =   
13/4/2010 - 12:25:14:328 IE =   
13/4/2010 - 12:25:14:328 MFDAliquotas =   
13/4/2010 - 12:25:14:328 MFDDescontos =   
13/4/2010 - 12:25:14:328 MFDAcrescimos =   
13/4/2010 - 12:25:14:328 MFDCancelamentos =   
13/4/2010 - 12:25:14:328 MFDPagamentos =   
13/4/2010 - 12:25:14:328 CupomAdicional =  0 
13/4/2010 - 12:25:14:328 CupomAdicionalDll =  0 
13/4/2010 - 12:25:14:328 CupomAdicionalDllConfig =  111111111111111110 
13/4/2010 - 12:25:14:328 CupomAdicionalDllTitulo =  Cupom Adicional 
13/4/2010 - 12:25:14:328 ComandosEmLote =  0 
13/4/2010 - 12:25:14:328 FinalLote =  0 
13/4/2010 - 12:25:14:328 PathLote =  C:\ 
13/4/2010 - 12:25:14:328 TempoEsperaCheque =  5 
13/4/2010 - 12:25:14:328 MFDTamMinDescProd =  15 
13/4/2010 - 12:25:14:328 MFDDiaAberto =  1 
13/4/2010 - 12:25:14:328 MFDArredondaVendaItemValor =  0 
13/4/2010 - 12:25:14:328 MFDArredondaVendaItemQuantidade =  0 
13/4/2010 - 12:25:14:328 MFDArredondamentoAutomatico =  0 
13/4/2010 - 12:25:14:328 MFDLegendaInmetro =  0 
13/4/2010 - 12:25:14:328 MFDLeituraMFCompleta =  1 
13/4/2010 - 12:25:14:328 InverteCGC_IE =  0 
13/4/2010 - 12:25:14:328 AguardarTerminoImpressao =  0 
13/4/2010 - 12:25:14:328 ContadorReducoes =  0259 
13/4/2010 - 12:25:14:328 QuebraLinha =  0 
13/4/2010 - 12:25:14:328 CasasDecimaisValorDLL =  2 
13/4/2010 - 12:25:14:328 CasasDecimaisQtdeDLL =  3 
13/4/2010 - 12:25:14:328 BuzzerCF =  0 
13/4/2010 - 12:25:14:328 BuzzerCNF =  0 
13/4/2010 - 12:25:14:328 BuzzerCNFV =  0 
13/4/2010 - 12:25:14:328 BuzzerRG =  0 
13/4/2010 - 12:25:14:328 CasasDecimaisQuantidade =  3 
13/4/2010 - 12:25:14:328 TempoEsperaLeitura =  150 
13/4/2010 - 12:25:14:328 BeepNoStartUp =  1 
13/4/2010 - 12:25:14:328 CRZCompativel =  0 
13/4/2010 - 12:25:14:328 COO =  003080 
13/4/2010 - 12:25:14:328 CooInicial =  003069 
13/4/2010 - 12:25:14:328 CCF =  002511 
13/4/2010 - 12:25:14:328 MF_Full =  0 
13/4/2010 - 12:25:14:328 PodeCancelar =  0 
13/4/2010 - 12:25:14:328 EmFechamento =  0 
13/4/2010 - 12:25:14:328 UnidadeMedida =  un 
13/4/2010 - 12:25:14:328 ValorUltimoCupom =  000000001839 
13/4/2010 - 12:25:14:328 ValorRecebido =  1839 
13/4/2010 - 12:25:14:328 ValorPagamentoVinculado =  0 
13/4/2010 - 12:25:14:328 ValorUltimaFormaPgto =  000000001839 
13/4/2010 - 12:25:14:328 FPag01 =  1839 
13/4/2010 - 12:25:14:328 FPag02 =  0 
13/4/2010 - 12:25:14:328 FPag03 =  0 
13/4/2010 - 12:25:14:328 FPag04 =  0 
13/4/2010 - 12:25:14:328 FPag05 =  0 
13/4/2010 - 12:25:14:328 FPag06 =  0 
13/4/2010 - 12:25:14:328 FPag07 =  0 
13/4/2010 - 12:25:14:328 FPag08 =  0 
13/4/2010 - 12:25:14:328 FPag09 =  0 
13/4/2010 - 12:25:14:328 FPag10 =  0 
13/4/2010 - 12:25:14:328 FPag11 =  0 
13/4/2010 - 12:25:14:328 FPag12 =  0 
13/4/2010 - 12:25:14:328 FPag13 =  0 
13/4/2010 - 12:25:14:328 FPag14 =  0 
13/4/2010 - 12:25:14:328 FPag15 =  0 
13/4/2010 - 12:25:14:328 FPag16 =  0 
13/4/2010 - 12:25:14:328 UltimoItem =  004 
13/4/2010 - 12:25:14:328 Descricao =   
13/4/2010 - 12:25:14:328 IndiceUltimaFormaPgto =  0 
13/4/2010 - 12:25:14:328 AplMensagemRestaurar =  0 
13/4/2010 - 12:25:14:328 CupomMania =  0 
13/4/2010 - 12:25:14:328 CupomManiaTotal =  0 
13/4/2010 - 12:25:14:328 ReadTotalTimeout =  0 
13/4/2010 - 12:25:14:328 FS700H =  2 
13/4/2010 - 12:25:14:328 GTINICIAL =  000000000004580834 
13/4/2010 - 12:25:14:328 BaudRate =  9600 
13/4/2010 - 12:25:14:328 BaudRate =  9600 
13/4/2010 - 12:25:14:328 ===============================================================================================
13/4/2010 - 12:25:14:328 |                                       DUAL                                                  |
13/4/2010 - 12:25:14:328 ===============================================================================================
13/4/2010 - 12:25:14:328 Default =  0 
13/4/2010 - 12:25:14:328 Enter =  1 
13/4/2010 - 12:25:14:328 Espera =  0 
13/4/2010 - 12:25:14:328 ModoEscrita =  0 
13/4/2010 - 12:25:14:328 Tabulacao =  05,10,15,20,30,40 
13/4/2010 - 12:25:14:328 Velocidade =  9600 
13/4/2010 - 12:25:14:328 Termica =  0 
13/4/2010 - 12:25:14:328 LinhasGuilhotina =  0 
13/4/2010 - 12:25:14:328 ModoGaveta =  0 
13/4/2010 - 12:25:14:328 ModoGaveta =  0 
13/4/2010 - 12:25:14:328 ===============================================================================================
13/4/2010 - 12:25:14:328 |                                       OBSERVER                                              |
13/4/2010 - 12:25:14:328 ===============================================================================================
13/4/2010 - 12:25:14:328 ERRO AO LISTAR REGISTER
13/4/2010 - 12:25:14:328 ===============================================================================================
13/4/2010 - 12:25:14:328 |                                       TA1000                                                |
13/4/2010 - 12:25:14:328 ===============================================================================================
13/4/2010 - 12:25:14:328 | GERAL                                                                                       |
13/4/2010 - 12:25:14:328 -----------------------------------------------------------------------------------------------
13/4/2010 - 12:25:14:328 TempoEspera =  10000 
13/4/2010 - 12:25:14:328 PrioridadeThread =  1 
13/4/2010 - 12:25:14:328 NumeroItens =  1 
13/4/2010 - 12:25:14:328 PathRelatorios =  C:\ 
13/4/2010 - 12:25:14:328 R60MA =  R60MA.plu 
13/4/2010 - 12:25:14:328 R60D =  R60D.plu 
13/4/2010 - 12:25:14:328 R60R =  R60R.plu 
13/4/2010 - 12:25:14:328 R60R =  R60R.plu 
13/4/2010 - 12:25:14:328 -----------------------------------------------------------------------------------------------
13/4/2010 - 12:25:14:328 | CONVENIO                                                                                     |
13/4/2010 - 12:25:14:328 -----------------------------------------------------------------------------------------------
13/4/2010 - 12:25:14:328 Point_X =  0 
13/4/2010 - 12:25:14:328 Point_Y =  0 
13/4/2010 - 12:25:14:328 Codigo =   
13/4/2010 - 12:25:14:328 Nome =   
13/4/2010 - 12:25:14:328 Endereco =   
13/4/2010 - 12:25:14:328 Cnpj =   
13/4/2010 - 12:25:14:328 IE =   
13/4/2010 - 12:25:14:328 IE =   
13/4/2010 - 12:25:14:328 -----------------------------------------------------------------------------------------------
13/4/2010 - 12:25:14:328 | PRODUTO                                                                                      |
13/4/2010 - 12:25:14:328 -----------------------------------------------------------------------------------------------
13/4/2010 - 12:25:14:328 CasasDecimais =   
13/4/2010 - 12:25:14:328 CasasQuantidade =   
13/4/2010 - 12:25:14:328 Codigo =   
13/4/2010 - 12:25:14:328 Descricao =   
13/4/2010 - 12:25:14:328 Estoque =   
13/4/2010 - 12:25:14:328 Path =  C:\ 
13/4/2010 - 12:25:14:328 Point_X =  0 
13/4/2010 - 12:25:14:328 Point_Y =  0 
13/4/2010 - 12:25:14:328 Unidade =   
13/4/2010 - 12:25:14:328 Valor =   
13/4/2010 - 12:25:14:328 ValorDA =   
13/4/2010 - 12:25:14:328 ValorDA =   
13/4/2010 - 12:25:14:328 -----------------------------------------------------------------------------------------------
13/4/2010 - 12:25:14:328 | USUARIO                                                                                     |
13/4/2010 - 12:25:14:328 -----------------------------------------------------------------------------------------------
13/4/2010 - 12:25:14:328 Point_X =  0 
13/4/2010 - 12:25:14:328 Point_Y =  0 
13/4/2010 - 12:25:14:328 Codigo =   
13/4/2010 - 12:25:14:328 Nome =   
13/4/2010 - 12:25:14:328 CodigoConvenio =   
13/4/2010 - 12:25:14:328 Cpf =   
13/4/2010 - 12:25:14:328 Cpf =   
13/4/2010 - 12:25:14:328 -----------------------------------------------------------------------------------------------
13/4/2010 - 12:25:48:78 Entrada da Funcao Daruma_Comunic_FecharSerial
