26/01/2010 13:55:23:'      1.500,00' is not a valid floating point value
----------------------------------------------------------------------
27/01/2010 11:25:51:Cannot focus a disabled or invisible window
----------------------------------------------------------------------
27/01/2010 11:32:59:Cannot focus a disabled or invisible window
----------------------------------------------------------------------
27/01/2010 11:36:00:Cannot focus a disabled or invisible window
----------------------------------------------------------------------
27/01/2010 11:45:41:Cannot focus a disabled or invisible window
----------------------------------------------------------------------
27/01/2010 11:49:16:Cannot focus a disabled or invisible window
----------------------------------------------------------------------
27/01/2010 11:56:19:Cannot focus a disabled or invisible window
----------------------------------------------------------------------
27/01/2010 12:04:28:Cannot focus a disabled or invisible window
----------------------------------------------------------------------
27/01/2010 12:11:34:Cannot focus a disabled or invisible window
----------------------------------------------------------------------
27/01/2010 13:48:07:Dynamic SQL Error
SQL error code = -104
Unexpected end of command - line 1, column 35
Invalid token
Error Code: 249
----------------------------------------------------------------------
27/01/2010 17:13:18:Access violation at address 0065A405 in module 'pfrenteecf.exe'. Read of address 000007AC
----------------------------------------------------------------------
01/02/2010 10:00:58:Access violation at address 00428B34 in module 'pfrenteecf.exe'. Read of address 0000000E
----------------------------------------------------------------------
5/2/2010 12:24:42:Access violation at address 004294C8 in module 'pfrenteecf.exe'. Read of address 0000000E
-------------------5/2/2010 12:31:33:Access violation at address 004294C8 in module 'pfrenteecf.exe'. Read of address 0000000E
-------------------5/2/2010 12:34:03:Access violation at address 004294C8 in module 'pfrenteecf.exe'. Read of address 0000000E
-------------------08/02/2010 15:01:04:Cds_Vencto: Dataset not in edit or insert mode
----------------------------------------------------------------------
08/02/2010 15:20:56:Cds_Vencto: Dataset not in edit or insert mode
----------------------------------------------------------------------
08/02/2010 15:35:37:Cds_Vencto: Dataset not in edit or insert mode
----------------------------------------------------------------------
08/02/2010 15:49:42:Cds_Vencto: Dataset not in edit or insert mode
----------------------------------------------------------------------
08/02/2010 15:58:26:Cds_Vencto: Dataset not in edit or insert mode
----------------------------------------------------------------------
08/02/2010 16:00:20:Cds_Vencto: Dataset not in edit or insert mode
----------------------------------------------------------------------
08/02/2010 16:05:38:Cds_Vencto: Dataset not in edit or insert mode
------------------------------------------------------------08/02/2010 16:13:35:Cds_Vencto: Dataset not in edit or insert mode
----------------------------------------------------------------------
12/02/2010 19:02:44:Cannot focus a disabled or invisible window
----------------------------------------------------------------------
20/05/2010 10:30:22:List index out of bounds (0)
----------------------------------------------------------------------
20/05/2010 12:03:00:List index out of bounds (0)
----------------------------------------------------------------------
20/05/2010 17:45:05:List index out of bounds (-1)
----------------------------------------------------------------------
20/05/2010 17:49:40:List index out of bounds (-1)
----------------------------------------------------------------------
21/05/2010 14:56:22:List index out of bounds (0)
----------------------------------------------------------------------
21/05/2010 15:41:30:List index out of bounds (1)
----------------------------------------------------------------------
21/05/2010 15:52:11:File not found
----------------------------------------------------------------------
17/8/2010 17:22:17:'ediDin' is not a valid floating point value
----------------------------------------------------------------------
20/05/2011 10:50:13:'1.00' is not a valid floating point value
----------------------------------------------------------------------
20/05/2011 11:17:00:'1.00' is not a valid floating point value
----------------------------------------------------------------------
20/06/2011 11:36:08:Dynamic SQL Error
SQL error code = -104
Token unknown - line 36, column 1
,
Invalid token
Error Code: 249
----------------------------------------------------------------------
20/06/2011 11:42:27:Dynamic SQL Error
SQL error code = -104
Token unknown - line 36, column 1
,
Invalid token
Error Code: 249
----------------------------------------------------------------------
31/08/2011 19:00:23:Dynamic SQL Error
SQL error code = -206
Column unknown
VALORREAL
At line 6, column 2
Column does not belong to referenced table
Error Code: 249
----------------------------------------------------------------------
31/08/2011 19:14:19:Dynamic SQL Error
SQL error code = -206
Column unknown
CONTROLE
At line 5, column 10
Column does not belong to referenced table
Error Code: 249
----------------------------------------------------------------------
07/11/2011 14:39:31:'7.00' is not a valid floating point value
----------------------------------------------------------------------
07/11/2011 17:25:39:Cds_Indice: Field 'impconcomitante' not found
----------------------------------------------------------------------
16/12/2011 12:23:26:Access violation at address 00534F60 in module 'pfrenteecf.exe'. Read of address 0C00534F
----------------------------------------------------------------------
16/12/2011 12:23:27:Access violation at address 0000001A. Read of address 0000001A
----------------------------------------------------------------------
16/12/2011 12:23:29:Access violation at address 0000001A. Read of address 0000001A
----------------------------------------------------------------------
16/12/2011 12:23:29:Access violation at address 0000001A. Read of address 0000001A
----------------------------------------------------------------------
16/12/2011 12:26:58:Access violation at address 00000000. Read of address 00000000
----------------------------------------------------------------------
19/12/2011 10:46:34:Cds_Vendab: Dataset not in edit or insert mode
----------------------------------------------------------------------
19/12/2011 11:05:52:Cds_Vendab: Dataset not in edit or insert mode
----------------------------------------------------------------------
19/12/2011 21:25:59:Cds_Vendab: Cannot perform this operation on a closed dataset
----------------------------------------------------------------------
19/12/2011 21:28:48:Cds_Vendab: Cannot perform this operation on a closed dataset
----------------------------------------------------------------------
19/12/2011 21:35:02:Cds_Vendab: Cannot perform this operation on a closed dataset
----------------------------------------------------------------------
19/12/2011 21:42:32:Cds_Vendab: Cannot perform this operation on a closed dataset
----------------------------------------------------------------------
19/12/2011 22:58:36:Cds_Vendab: Dataset not in edit or insert mode
----------------------------------------------------------------------
19/12/2011 23:11:38:Cds_Vendab: Dataset not in edit or insert mode
----------------------------------------------------------------------
19/12/2011 23:25:47:Cds_Vendab: Dataset not in edit or insert mode
----------------------------------------------------------------------
20/12/2011 22:16:36:Cannot focus a disabled or invisible window
----------------------------------------------------------------------
21/12/2011 03:15:48:Cannot focus a disabled or invisible window
----------------------------------------------------------------------
04/02/2012 14:48:16:Cds_Vendab: Dataset not in edit or insert mode
----------------------------------------------------------------------
04/02/2012 16:29:16:cds_Tipo_Pgto: Dataset not in edit or insert mode
----------------------------------------------------------------------
06/02/2012 10:17:13:'INF' is not a valid floating point value
----------------------------------------------------------------------
09/02/2012 10:31:13:Cds_Vencto: Dataset not in edit or insert mode
----------------------------------------------------------------------
09/02/2012 10:32:50:Cds_Vencto: Dataset not in edit or insert mode
----------------------------------------------------------------------
09/02/2012 11:14:36:Cds_Vencto: Dataset not in edit or insert mode
----------------------------------------------------------------------
09/02/2012 11:17:35:Cds_Vencto: Dataset not in edit or insert mode
----------------------------------------------------------------------
10/02/2012 11:14:47:Cannot focus a disabled or invisible window
----------------------------------------------------------------------
10/02/2012 11:20:37:Cannot focus a disabled or invisible window
----------------------------------------------------------------------
22/02/2012 11:48:12:Cds_Vendab: Dataset not in edit or insert mode
----------------------------------------------------------------------
22/02/2012 11:51:43:cds_Tipo_Pgto: Dataset not in edit or insert mode
----------------------------------------------------------------------
28/9/2012 12:32:51:Sql_Dados: There is no active transaction
----------------------------------------------------------------------
20/10/2012 23:02:11:File not found
----------------------------------------------------------------------
23/10/2012 21:28:04:File not found
----------------------------------------------------------------------
23/10/2012 22:30:06:Filter expression incorrectly terminated
----------------------------------------------------------------------
25/10/2012 20:28:22:Cds_Vendab: Cannot perform this operation on a closed dataset
----------------------------------------------------------------------
25/10/2012 20:35:49:Cds_Vendab: Cannot perform this operation on a closed dataset
----------------------------------------------------------------------
27/10/2012 12:39:30:File not found
----------------------------------------------------------------------
5/11/2012 08:44:55:File not found
----------------------------------------------------------------------
10/11/2012 23:21:39:Cds_Vendab: Dataset not in edit or insert mode
----------------------------------------------------------------------
10/11/2012 23:52:11:File not found
----------------------------------------------------------------------
3/12/2012 11:58:14:I/O error 1167
----------------------------------------------------------------------
4/12/2012 17:01:46:Cannot make a visible window modal
----------------------------------------------------------------------
4/12/2012 17:07:10:Cannot make a visible window modal
----------------------------------------------------------------------
4/12/2012 21:10:40:'ediid' is not a valid integer value
----------------------------------------------------------------------
4/12/2012 21:14:42:Expression expected but nothing found
----------------------------------------------------------------------
4/12/2012 23:02:44:Lookup information for field 'ncusub' is incomplete
----------------------------------------------------------------------
4/12/2012 23:08:21:Lookup information for field 'nuni' is incomplete
----------------------------------------------------------------------
5/12/2012 19:41:22:Access violation at address 006518C4 in module 'pfrenteecf.exe'. Read of address 03741718
----------------------------------------------------------------------
5/12/2012 19:41:31:Access violation at address 00000000. Read of address 00000000
----------------------------------------------------------------------
5/12/2012 20:07:44:Access violation at address 006518C4 in module 'pfrenteecf.exe'. Read of address 037427AC
----------------------------------------------------------------------
5/12/2012 20:07:52:Access violation at address 00000000. Read of address 00000000
----------------------------------------------------------------------
5/12/2012 20:08:05:Access violation at address 00592781 in module 'pfrenteecf.exe'. Read of address 01F42480
----------------------------------------------------------------------
8/12/2012 23:17:26:Access violation at address 006A3443 in module 'pfrenteecf.exe'. Read of address 00000000
----------------------------------------------------------------------
8/12/2012 23:19:50:Expression expected but ')' found
----------------------------------------------------------------------
8/12/2012 23:24:56:'' is not a valid date
----------------------------------------------------------------------
8/12/2012 23:43:29:Cds_sVenda: Cannot perform this operation on an empty dataset
----------------------------------------------------------------------
20/12/2012 20:41:07:'edincopias' is not a valid integer value
----------------------------------------------------------------------
